<?xml version="1.0" encoding="UTF-8"?>
<!-- Generated by org.testng.reporters.JUnitXMLReporter -->
<testsuite ignored="0" hostname="ADMIN-PC" failures="0" tests="4" name="Test Case 1" time="126.645" errors="0" timestamp="2022-03-06T14:23:01 IST">
  <testcase classname="com.selenium.TestNG.HardAssert_Login" name="@BeforeTest beforeTest" time="126.577">
    <failure type="org.openqa.selenium.SessionNotCreatedException" message="session not created
from disconnected: received Inspector.detached event
  (Session info: chrome=99.0.4844.51)
Build info: version: &amp;apos;3.141.59&amp;apos;, revision: &amp;apos;e82be7d358&amp;apos;, time: &amp;apos;2018-11-14T08:17:03&amp;apos;
System info: host: &amp;apos;ADMIN-PC&amp;apos;, ip: &amp;apos;192.168.1.55&amp;apos;, os.name: &amp;apos;Windows 7&amp;apos;, os.arch: &amp;apos;amd64&amp;apos;, os.version: &amp;apos;6.1&amp;apos;, java.version: &amp;apos;17.0.2&amp;apos;
Driver info: driver.version: ChromeDriver
remote stacktrace: Backtrace:
	Ordinal0 [0x015369A3+2582947]
	Ordinal0 [0x014CA6D1+2139857]
	Ordinal0 [0x013C3A98+1063576]
	Ordinal0 [0x013B6410+1008656]
	Ordinal0 [0x013B5FE3+1007587]
	Ordinal0 [0x013B55F0+1005040]
	Ordinal0 [0x013B4727+1001255]
	Ordinal0 [0x013B49E6+1001958]
	Ordinal0 [0x013B42C5+1000133]
	Ordinal0 [0x013BF993+1046931]
	Ordinal0 [0x013B4275+1000053]
	Ordinal0 [0x013B51F8+1004024]
	Ordinal0 [0x013B4727+1001255]
	Ordinal0 [0x013B49E6+1001958]
	Ordinal0 [0x013B42C5+1000133]
	Ordinal0 [0x013BD6D3+1038035]
	Ordinal0 [0x013B4275+1000053]
	Ordinal0 [0x013B51F8+1004024]
	Ordinal0 [0x013B4727+1001255]
	Ordinal0 [0x013B49E6+1001958]
	Ordinal0 [0x013B42C5+1000133]
	Ordinal0 [0x013BB3B9+1029049]
	Ordinal0 [0x013B4275+1000053]
	Ordinal0 [0x013B51F8+1004024]
	Ordinal0 [0x013B4727+1001255]
	Ordinal0 [0x013B4AF7+1002231]
	Ordinal0 [0x013B4AA8+1002152]
	Ordinal0 [0x013BA566+1025382]
	Ordinal0 [0x013B4275+1000053]
	Ordinal0 [0x013B51F8+1004024]
	Ordinal0 [0x013B4727+1001255]
	Ordinal0 [0x013B49E6+1001958]
	Ordinal0 [0x013B42C5+1000133]
	Ordinal0 [0x013AFC8D+982157]
	Ordinal0 [0x013B4275+1000053]
	Ordinal0 [0x013B4000+999424]
	Ordinal0 [0x013B3D49+998729]
	Ordinal0 [0x013C4DD0+1068496]
	Ordinal0 [0x0140E03C+1368124]
	Ordinal0 [0x0140CC2A+1362986]
	Ordinal0 [0x01408366+1344358]
	Ordinal0 [0x013E5176+1200502]
	Ordinal0 [0x013E6066+1204326]
	GetHandleVerifier [0x016DBE02+1675858]
	GetHandleVerifier [0x0179036C+2414524]
	GetHandleVerifier [0x015CBB01+560977]
	GetHandleVerifier [0x015CA8D3+556323]
	Ordinal0 [0x014D020E+2163214]
	Ordinal0 [0x014D5078+2183288]
	Ordinal0 [0x014D51C0+2183616]
	Ordinal0 [0x014DEE1C+2223644]
	BaseThreadInitThunk [0x76FE33CA+18]
	RtlInitializeExceptionChain [0x77D19ED2+99]
	RtlInitializeExceptionChain [0x77D19EA5+54]
">
      <![CDATA[org.openqa.selenium.SessionNotCreatedException: session not created
from disconnected: received Inspector.detached event
  (Session info: chrome=99.0.4844.51)
Build info: version: '3.141.59', revision: 'e82be7d358', time: '2018-11-14T08:17:03'
System info: host: 'ADMIN-PC', ip: '192.168.1.55', os.name: 'Windows 7', os.arch: 'amd64', os.version: '6.1', java.version: '17.0.2'
Driver info: driver.version: ChromeDriver
remote stacktrace: Backtrace:
Ordinal0 [0x015369A3+2582947]
Ordinal0 [0x014CA6D1+2139857]
Ordinal0 [0x013C3A98+1063576]
Ordinal0 [0x013B6410+1008656]
Ordinal0 [0x013B5FE3+1007587]
Ordinal0 [0x013B55F0+1005040]
Ordinal0 [0x013B4727+1001255]
Ordinal0 [0x013B49E6+1001958]
Ordinal0 [0x013B42C5+1000133]
Ordinal0 [0x013BF993+1046931]
Ordinal0 [0x013B4275+1000053]
Ordinal0 [0x013B51F8+1004024]
Ordinal0 [0x013B4727+1001255]
Ordinal0 [0x013B49E6+1001958]
Ordinal0 [0x013B42C5+1000133]
Ordinal0 [0x013BD6D3+1038035]
Ordinal0 [0x013B4275+1000053]
Ordinal0 [0x013B51F8+1004024]
Ordinal0 [0x013B4727+1001255]
Ordinal0 [0x013B49E6+1001958]
Ordinal0 [0x013B42C5+1000133]
Ordinal0 [0x013BB3B9+1029049]
Ordinal0 [0x013B4275+1000053]
Ordinal0 [0x013B51F8+1004024]
Ordinal0 [0x013B4727+1001255]
Ordinal0 [0x013B4AF7+1002231]
Ordinal0 [0x013B4AA8+1002152]
Ordinal0 [0x013BA566+1025382]
Ordinal0 [0x013B4275+1000053]
Ordinal0 [0x013B51F8+1004024]
Ordinal0 [0x013B4727+1001255]
Ordinal0 [0x013B49E6+1001958]
Ordinal0 [0x013B42C5+1000133]
Ordinal0 [0x013AFC8D+982157]
Ordinal0 [0x013B4275+1000053]
Ordinal0 [0x013B4000+999424]
Ordinal0 [0x013B3D49+998729]
Ordinal0 [0x013C4DD0+1068496]
Ordinal0 [0x0140E03C+1368124]
Ordinal0 [0x0140CC2A+1362986]
Ordinal0 [0x01408366+1344358]
Ordinal0 [0x013E5176+1200502]
Ordinal0 [0x013E6066+1204326]
GetHandleVerifier [0x016DBE02+1675858]
GetHandleVerifier [0x0179036C+2414524]
GetHandleVerifier [0x015CBB01+560977]
GetHandleVerifier [0x015CA8D3+556323]
Ordinal0 [0x014D020E+2163214]
Ordinal0 [0x014D5078+2183288]
Ordinal0 [0x014D51C0+2183616]
Ordinal0 [0x014DEE1C+2223644]
BaseThreadInitThunk [0x76FE33CA+18]
RtlInitializeExceptionChain [0x77D19ED2+99]
RtlInitializeExceptionChain [0x77D19EA5+54]

at org.openqa.selenium.remote.W3CHandshakeResponse.lambda$errorHandler$0(W3CHandshakeResponse.java:62)
at org.openqa.selenium.remote.HandshakeResponse.lambda$getResponseFunction$0(HandshakeResponse.java:30)
at org.openqa.selenium.remote.ProtocolHandshake.lambda$createSession$0(ProtocolHandshake.java:126)
at java.base/java.util.stream.ReferencePipeline$3$1.accept(ReferencePipeline.java:197)
at java.base/java.util.Spliterators$ArraySpliterator.tryAdvance(Spliterators.java:1002)
at java.base/java.util.stream.ReferencePipeline.forEachWithCancel(ReferencePipeline.java:129)
at java.base/java.util.stream.AbstractPipeline.copyIntoWithCancel(AbstractPipeline.java:527)
at java.base/java.util.stream.AbstractPipeline.copyInto(AbstractPipeline.java:513)
at java.base/java.util.stream.AbstractPipeline.wrapAndCopyInto(AbstractPipeline.java:499)
at java.base/java.util.stream.FindOps$FindOp.evaluateSequential(FindOps.java:150)
at java.base/java.util.stream.AbstractPipeline.evaluate(AbstractPipeline.java:234)
at java.base/java.util.stream.ReferencePipeline.findFirst(ReferencePipeline.java:647)
at org.openqa.selenium.remote.ProtocolHandshake.createSession(ProtocolHandshake.java:128)
at org.openqa.selenium.remote.ProtocolHandshake.createSession(ProtocolHandshake.java:74)
at org.openqa.selenium.remote.HttpCommandExecutor.execute(HttpCommandExecutor.java:136)
at org.openqa.selenium.remote.service.DriverCommandExecutor.execute(DriverCommandExecutor.java:83)
at org.openqa.selenium.remote.RemoteWebDriver.execute(RemoteWebDriver.java:552)
at org.openqa.selenium.remote.RemoteWebDriver.startSession(RemoteWebDriver.java:213)
at org.openqa.selenium.remote.RemoteWebDriver.<init>(RemoteWebDriver.java:131)
at org.openqa.selenium.chrome.ChromeDriver.<init>(ChromeDriver.java:181)
at org.openqa.selenium.chrome.ChromeDriver.<init>(ChromeDriver.java:168)
at org.openqa.selenium.chrome.ChromeDriver.<init>(ChromeDriver.java:123)
at com.selenium.TestNG.HardAssert_Login.beforeTest(HardAssert_Login.java:72)
at java.base/java.util.concurrent.FutureTask.run(FutureTask.java:264)
at java.base/java.util.concurrent.ThreadPoolExecutor.runWorker(ThreadPoolExecutor.java:1136)
at java.base/java.util.concurrent.ThreadPoolExecutor$Worker.run(ThreadPoolExecutor.java:635)
at java.base/java.lang.Thread.run(Thread.java:833)
... Removed 20 stack frames]]>
    </failure>
  </testcase> <!-- @BeforeTest beforeTest -->
  <testcase classname="com.selenium.TestNG.HardAssert_Login" name="@AfterTest afterTest" time="-1.64655678137E9">
    <skipped/>
  </testcase> <!-- @AfterTest afterTest -->
  <testcase classname="com.selenium.TestNG.HardAssert_Login" name="LoginAdmin" time="0.0">
    <skipped/>
  </testcase> <!-- LoginAdmin -->
  <testcase classname="com.selenium.TestNG.HardAssert_Login" name="loginAdmin" time="0.0">
    <skipped/>
  </testcase> <!-- loginAdmin -->
  <testcase classname="com.selenium.TestNG.HardAssert_Login" name="loginAdmin" time="0.0">
    <skipped/>
  </testcase> <!-- loginAdmin -->
  <testcase classname="com.selenium.TestNG.HardAssert_Login" name="loginAdmin" time="0.0">
    <skipped/>
  </testcase> <!-- loginAdmin -->
</testsuite> <!-- Test Case 1 -->
