<?xml version="1.0" encoding="UTF-8"?>
<!-- Generated by org.testng.reporters.JUnitReportReporter -->
<testsuite hostname="ADMIN-PC" failures="0" tests="5" name="com.selenium.TestNG.Login_Mutualfund_TestNG" time="69.331" errors="1" timestamp="2022-03-06T14:21:24 IST" skipped="4">
  <testcase classname="com.selenium.TestNG.Login_Mutualfund_TestNG" name="loginAdmin" time="0.000">
    <skipped/>
  </testcase> <!-- loginAdmin -->
  <system-out/>
  <testcase classname="com.selenium.TestNG.Login_Mutualfund_TestNG" name="precondition" time="69.331">
    <error message="chrome not reachable
Build info: version: &#039;3.141.59&#039;, revision: &#039;e82be7d358&#039;, time: &#039;2018-11-14T08:17:03&#039;
System info: host: &#039;ADMIN-PC&#039;, ip: &#039;192.168.1.55&#039;, os.name: &#039;Windows 7&#039;, os.arch: &#039;amd64&#039;, os.version: &#039;6.1&#039;, java.version: &#039;17.0.2&#039;
Driver info: driver.version: ChromeDriver
remote stacktrace: Backtrace:
	Ordinal0 [0x015369A3+2582947]
	Ordinal0 [0x014CA6D1+2139857]
	Ordinal0 [0x013C3960+1063264]
	Ordinal0 [0x013B7FAE+1015726]
	Ordinal0 [0x013E2D7C+1191292]
	Ordinal0 [0x013DF235+1176117]
	Ordinal0 [0x013DC9E1+1165793]
	Ordinal0 [0x0140CFFF+1363967]
	Ordinal0 [0x0140CC2A+1362986]
	Ordinal0 [0x01408366+1344358]
	Ordinal0 [0x013E5176+1200502]
	Ordinal0 [0x013E6066+1204326]
	GetHandleVerifier [0x016DBE02+1675858]
	GetHandleVerifier [0x0179036C+2414524]
	GetHandleVerifier [0x015CBB01+560977]
	GetHandleVerifier [0x015CA8D3+556323]
	Ordinal0 [0x014D020E+2163214]
	Ordinal0 [0x014D5078+2183288]
	Ordinal0 [0x014D51C0+2183616]
	Ordinal0 [0x014DEE1C+2223644]
	BaseThreadInitThunk [0x76FE33CA+18]
	RtlInitializeExceptionChain [0x77D19ED2+99]
	RtlInitializeExceptionChain [0x77D19EA5+54]
" type="org.openqa.selenium.WebDriverException">
      <![CDATA[org.openqa.selenium.WebDriverException: chrome not reachable
Build info: version: '3.141.59', revision: 'e82be7d358', time: '2018-11-14T08:17:03'
System info: host: 'ADMIN-PC', ip: '192.168.1.55', os.name: 'Windows 7', os.arch: 'amd64', os.version: '6.1', java.version: '17.0.2'
Driver info: driver.version: ChromeDriver
remote stacktrace: Backtrace:
Ordinal0 [0x015369A3+2582947]
Ordinal0 [0x014CA6D1+2139857]
Ordinal0 [0x013C3960+1063264]
Ordinal0 [0x013B7FAE+1015726]
Ordinal0 [0x013E2D7C+1191292]
Ordinal0 [0x013DF235+1176117]
Ordinal0 [0x013DC9E1+1165793]
Ordinal0 [0x0140CFFF+1363967]
Ordinal0 [0x0140CC2A+1362986]
Ordinal0 [0x01408366+1344358]
Ordinal0 [0x013E5176+1200502]
Ordinal0 [0x013E6066+1204326]
GetHandleVerifier [0x016DBE02+1675858]
GetHandleVerifier [0x0179036C+2414524]
GetHandleVerifier [0x015CBB01+560977]
GetHandleVerifier [0x015CA8D3+556323]
Ordinal0 [0x014D020E+2163214]
Ordinal0 [0x014D5078+2183288]
Ordinal0 [0x014D51C0+2183616]
Ordinal0 [0x014DEE1C+2223644]
BaseThreadInitThunk [0x76FE33CA+18]
RtlInitializeExceptionChain [0x77D19ED2+99]
RtlInitializeExceptionChain [0x77D19EA5+54]

at java.base/jdk.internal.reflect.NativeConstructorAccessorImpl.newInstance0(Native Method)
at java.base/jdk.internal.reflect.NativeConstructorAccessorImpl.newInstance(NativeConstructorAccessorImpl.java:77)
at java.base/jdk.internal.reflect.DelegatingConstructorAccessorImpl.newInstance(DelegatingConstructorAccessorImpl.java:45)
at java.base/java.lang.reflect.Constructor.newInstanceWithCaller(Constructor.java:499)
at java.base/java.lang.reflect.Constructor.newInstance(Constructor.java:480)
at org.openqa.selenium.remote.W3CHandshakeResponse.lambda$errorHandler$0(W3CHandshakeResponse.java:62)
at org.openqa.selenium.remote.HandshakeResponse.lambda$getResponseFunction$0(HandshakeResponse.java:30)
at org.openqa.selenium.remote.ProtocolHandshake.lambda$createSession$0(ProtocolHandshake.java:126)
at java.base/java.util.stream.ReferencePipeline$3$1.accept(ReferencePipeline.java:197)
at java.base/java.util.Spliterators$ArraySpliterator.tryAdvance(Spliterators.java:1002)
at java.base/java.util.stream.ReferencePipeline.forEachWithCancel(ReferencePipeline.java:129)
at java.base/java.util.stream.AbstractPipeline.copyIntoWithCancel(AbstractPipeline.java:527)
at java.base/java.util.stream.AbstractPipeline.copyInto(AbstractPipeline.java:513)
at java.base/java.util.stream.AbstractPipeline.wrapAndCopyInto(AbstractPipeline.java:499)
at java.base/java.util.stream.FindOps$FindOp.evaluateSequential(FindOps.java:150)
at java.base/java.util.stream.AbstractPipeline.evaluate(AbstractPipeline.java:234)
at java.base/java.util.stream.ReferencePipeline.findFirst(ReferencePipeline.java:647)
at org.openqa.selenium.remote.ProtocolHandshake.createSession(ProtocolHandshake.java:128)
at org.openqa.selenium.remote.ProtocolHandshake.createSession(ProtocolHandshake.java:74)
at org.openqa.selenium.remote.HttpCommandExecutor.execute(HttpCommandExecutor.java:136)
at org.openqa.selenium.remote.service.DriverCommandExecutor.execute(DriverCommandExecutor.java:83)
at org.openqa.selenium.remote.RemoteWebDriver.execute(RemoteWebDriver.java:552)
at org.openqa.selenium.remote.RemoteWebDriver.startSession(RemoteWebDriver.java:213)
at org.openqa.selenium.remote.RemoteWebDriver.<init>(RemoteWebDriver.java:131)
at org.openqa.selenium.chrome.ChromeDriver.<init>(ChromeDriver.java:181)
at org.openqa.selenium.chrome.ChromeDriver.<init>(ChromeDriver.java:168)
at org.openqa.selenium.chrome.ChromeDriver.<init>(ChromeDriver.java:123)
at com.selenium.TestNG.Login_Mutualfund_TestNG.precondition(Login_Mutualfund_TestNG.java:18)
at java.base/jdk.internal.reflect.NativeMethodAccessorImpl.invoke0(Native Method)
at java.base/jdk.internal.reflect.NativeMethodAccessorImpl.invoke(NativeMethodAccessorImpl.java:77)
at java.base/jdk.internal.reflect.DelegatingMethodAccessorImpl.invoke(DelegatingMethodAccessorImpl.java:43)
at java.base/java.lang.reflect.Method.invoke(Method.java:568)
at org.testng.internal.MethodInvocationHelper.invokeMethod(MethodInvocationHelper.java:133)
at org.testng.internal.MethodInvocationHelper.invokeMethodConsideringTimeout(MethodInvocationHelper.java:62)
at org.testng.internal.ConfigInvoker.invokeConfigurationMethod(ConfigInvoker.java:385)
at org.testng.internal.ConfigInvoker.invokeConfigurations(ConfigInvoker.java:321)
at org.testng.TestRunner.invokeTestConfigurations(TestRunner.java:637)
at org.testng.TestRunner.beforeRun(TestRunner.java:627)
at org.testng.TestRunner.run(TestRunner.java:589)
at org.testng.SuiteRunner.runTest(SuiteRunner.java:377)
at org.testng.SuiteRunner.access$000(SuiteRunner.java:28)
at org.testng.SuiteRunner$SuiteWorker.run(SuiteRunner.java:418)
at org.testng.internal.thread.ThreadUtil.lambda$execute$0(ThreadUtil.java:64)
at java.base/java.util.concurrent.FutureTask.run(FutureTask.java:264)
at java.base/java.util.concurrent.ThreadPoolExecutor.runWorker(ThreadPoolExecutor.java:1136)
at java.base/java.util.concurrent.ThreadPoolExecutor$Worker.run(ThreadPoolExecutor.java:635)
at java.base/java.lang.Thread.run(Thread.java:833)
]]>
    </error>
  </testcase> <!-- precondition -->
  <system-out/>
  <testcase classname="com.selenium.TestNG.Login_Mutualfund_TestNG" name="Testuser" time="0.000">
    <skipped/>
  </testcase> <!-- Testuser -->
  <system-out/>
  <testcase classname="com.selenium.TestNG.Login_Mutualfund_TestNG" name="jsmith" time="0.000">
    <skipped/>
  </testcase> <!-- jsmith -->
  <system-out/>
  <testcase classname="com.selenium.TestNG.Login_Mutualfund_TestNG" name="invalid">
    <skipped/>
  </testcase> <!-- invalid -->
  <system-out/>
</testsuite> <!-- com.selenium.TestNG.Login_Mutualfund_TestNG -->
